<?xml version="1.0" encoding="UTF-8"?>
<testng-results ignored="0" total="1" passed="0" failed="1" skipped="0">
  <reporter-output>
    <line>
      <![CDATA[Extent Report Directory/Users/mehzabinakhter/IdeaProjects/FrameWorkTeam5/Homedepot/test-output/html]]>
    </line>
    <line>
      <![CDATA[SearchIteamByExcelTest: verify Data Reader Excel]]>
    </line>
  </reporter-output>
  <suite started-at="2018-01-13T01:01:10Z" name="Homedepot Automation Test" finished-at="2018-01-13T01:01:27Z" duration-ms="17628">
    <groups>
    </groups>
    <test started-at="2018-01-13T01:01:10Z" name="HomeDepot HomepageTest" finished-at="2018-01-13T01:01:27Z" duration-ms="17628">
      <class name="testcases.SearchIteamByExcelTest">
        <test-method is-config="true" signature="extentSetup(org.testng.ITestContext)[pri:0, instance:testcases.SearchIteamByExcelTest@87a85e1]" started-at="2018-01-12T20:01:08Z" name="extentSetup" finished-at="2018-01-12T20:01:10Z" duration-ms="1412" status="PASS">
          <params>
            <param index="0">
              <value>
                <![CDATA[org.testng.TestRunner@2459319c]]>
              </value>
            </param>
          </params>
          <reporter-output>
            <line>
              <![CDATA[Extent Report Directory/Users/mehzabinakhter/IdeaProjects/FrameWorkTeam5/Homedepot/test-output/html]]>
            </line>
          </reporter-output>
        </test-method> <!-- extentSetup -->
        <test-method is-config="true" signature="setUp(boolean, java.lang.String, java.lang.String, java.lang.String, java.lang.String, java.lang.String, java.lang.String)[pri:0, instance:testcases.SearchIteamByExcelTest@87a85e1]" started-at="2018-01-12T20:01:10Z" name="setUp" finished-at="2018-01-12T20:01:24Z" duration-ms="13949" status="PASS">
          <params>
            <param index="0">
              <value>
                <![CDATA[false]]>
              </value>
            </param>
            <param index="1">
              <value>
                <![CDATA[browserstack]]>
              </value>
            </param>
            <param index="2">
              <value>
                <![CDATA[OS X]]>
              </value>
            </param>
            <param index="3">
              <value>
                <![CDATA[High Sierra]]>
              </value>
            </param>
            <param index="4">
              <value>
                <![CDATA[chrome]]>
              </value>
            </param>
            <param index="5">
              <value>
                <![CDATA[63.0]]>
              </value>
            </param>
            <param index="6">
              <value>
                <![CDATA[https://www.homedepot.com/]]>
              </value>
            </param>
          </params>
          <reporter-output>
          </reporter-output>
        </test-method> <!-- setUp -->
        <test-method is-config="true" signature="startExtent(java.lang.reflect.Method)[pri:0, instance:testcases.SearchIteamByExcelTest@87a85e1]" started-at="2018-01-12T20:01:24Z" name="startExtent" finished-at="2018-01-12T20:01:24Z" duration-ms="9" status="PASS">
          <params>
            <param index="0">
              <value>
                <![CDATA[public void testcases.SearchIteamByExcelTest.verifyDataReaderExcel() throws java.io.IOException,java.lang.InterruptedException]]>
              </value>
            </param>
          </params>
          <reporter-output>
          </reporter-output>
        </test-method> <!-- startExtent -->
        <test-method is-config="true" signature="initialization()[pri:0, instance:testcases.SearchIteamByExcelTest@87a85e1]" started-at="2018-01-12T20:01:24Z" name="initialization" finished-at="2018-01-12T20:01:24Z" duration-ms="5" status="PASS">
          <reporter-output>
          </reporter-output>
        </test-method> <!-- initialization -->
        <test-method signature="verifyDataReaderExcel()[pri:0, instance:testcases.SearchIteamByExcelTest@87a85e1]" started-at="2018-01-12T20:01:24Z" name="verifyDataReaderExcel" finished-at="2018-01-12T20:01:25Z" duration-ms="1711" status="FAIL">
          <exception class="java.lang.NullPointerException">
            <full-stacktrace>
              <![CDATA[java.lang.NullPointerExceptionat base.CommonAPI.typeByCssNEnter(CommonAPI.java:176)at Homedepot_pages.SearchIteamByExcel.homedepotExcelSearchItem(SearchIteamByExcel.java:28)at testcases.SearchIteamByExcelTest.verifyDataReaderExcel(SearchIteamByExcelTest.java:26)at java.base/jdk.internal.reflect.NativeMethodAccessorImpl.invoke0(Native Method)at java.base/jdk.internal.reflect.NativeMethodAccessorImpl.invoke(NativeMethodAccessorImpl.java:62)at java.base/jdk.internal.reflect.DelegatingMethodAccessorImpl.invoke(DelegatingMethodAccessorImpl.java:43)at java.base/java.lang.reflect.Method.invoke(Method.java:564)at org.testng.internal.MethodInvocationHelper.invokeMethod(MethodInvocationHelper.java:124)at org.testng.internal.Invoker.invokeMethod(Invoker.java:571)at org.testng.internal.Invoker.invokeTestMethod(Invoker.java:707)at org.testng.internal.Invoker.invokeTestMethods(Invoker.java:979)at org.testng.internal.TestMethodWorker.invokeTestMethods(TestMethodWorker.java:125)at org.testng.internal.TestMethodWorker.run(TestMethodWorker.java:109)at org.testng.TestRunner.privateRun(TestRunner.java:648)at org.testng.TestRunner.run(TestRunner.java:505)at org.testng.SuiteRunner.runTest(SuiteRunner.java:455)at org.testng.SuiteRunner.runSequentially(SuiteRunner.java:450)at org.testng.SuiteRunner.privateRun(SuiteRunner.java:415)at org.testng.SuiteRunner.run(SuiteRunner.java:364)at org.testng.SuiteRunnerWorker.runSuite(SuiteRunnerWorker.java:52)at org.testng.SuiteRunnerWorker.run(SuiteRunnerWorker.java:84)at org.testng.TestNG.runSuitesSequentially(TestNG.java:1187)at org.testng.TestNG.runSuitesLocally(TestNG.java:1116)at org.testng.TestNG.runSuites(TestNG.java:1028)at org.testng.TestNG.run(TestNG.java:996)at org.testng.IDEARemoteTestNG.run(IDEARemoteTestNG.java:72)at org.testng.RemoteTestNGStarter.main(RemoteTestNGStarter.java:123)]]>
            </full-stacktrace>
          </exception> <!-- java.lang.NullPointerException -->
          <reporter-output>
            <line>
              <![CDATA[SearchIteamByExcelTest: verify Data Reader Excel]]>
            </line>
          </reporter-output>
        </test-method> <!-- verifyDataReaderExcel -->
        <test-method is-config="true" signature="afterEachTestMethod(org.testng.ITestResult)[pri:0, instance:testcases.SearchIteamByExcelTest@87a85e1]" started-at="2018-01-12T20:01:25Z" name="afterEachTestMethod" finished-at="2018-01-12T20:01:27Z" duration-ms="1900" status="PASS">
          <params>
            <param index="0">
              <value>
                <![CDATA[[TestResult name=verifyDataReaderExcel status=FAILURE method=SearchIteamByExcelTest.verifyDataReaderExcel()[pri:0, instance:testcases.SearchIteamByExcelTest@87a85e1] output=SearchIteamByExcelTest: verify Data Reader Excel]]]>
              </value>
            </param>
          </params>
          <reporter-output>
          </reporter-output>
        </test-method> <!-- afterEachTestMethod -->
        <test-method is-config="true" signature="cleanUp()[pri:0, instance:testcases.SearchIteamByExcelTest@87a85e1]" started-at="2018-01-12T20:01:27Z" name="cleanUp" finished-at="2018-01-12T20:01:27Z" duration-ms="2" status="PASS">
          <reporter-output>
          </reporter-output>
        </test-method> <!-- cleanUp -->
        <test-method is-config="true" signature="generateReport()[pri:0, instance:testcases.SearchIteamByExcelTest@87a85e1]" started-at="2018-01-12T20:01:27Z" name="generateReport" finished-at="2018-01-12T20:01:28Z" duration-ms="173" status="PASS">
          <reporter-output>
          </reporter-output>
        </test-method> <!-- generateReport -->
      </class> <!-- testcases.SearchIteamByExcelTest -->
    </test> <!-- HomeDepot HomepageTest -->
  </suite> <!-- Homedepot Automation Test -->
</testng-results>
