<?xml version="1.0" encoding="UTF-8"?>
<!-- Generated by org.testng.reporters.JUnitXMLReporter -->
<testsuite ignored="0" hostname="mehzabins-MacBook-Air.local" failures="1" tests="1" name="HomeDepot HomepageTest" time="17.628" errors="0" timestamp="13 Jan 2018 01:01:27 GMT">
  <testcase classname="testcases.SearchIteamByExcelTest" name="verifyDataReaderExcel" time="1.711">
    <failure type="java.lang.NullPointerException">
      <![CDATA[java.lang.NullPointerExceptionat base.CommonAPI.typeByCssNEnter(CommonAPI.java:176)at Homedepot_pages.SearchIteamByExcel.homedepotExcelSearchItem(SearchIteamByExcel.java:28)at testcases.SearchIteamByExcelTest.verifyDataReaderExcel(SearchIteamByExcelTest.java:26)... Removed 24 stack frames]]>
    </failure>
  </testcase> <!-- verifyDataReaderExcel -->
</testsuite> <!-- HomeDepot HomepageTest -->
