<?xml version="1.0" encoding="UTF-8"?>
<!-- Generated by org.testng.reporters.JUnitXMLReporter -->
<testsuite ignored="14" hostname="mehzabins-MacBook-Air.local" failures="0" tests="1" name="Automation" time="19.791" errors="0" timestamp="10 Jan 2018 19:49:11 GMT">
  <testcase classname="testcases.HomepageTest" name="verifySearchBoxTest" time="4.889"/>
  <testcase classname="testcases.HomepageTest" name="verifydepartmentTest" time="0.0">
    <ignored/>
  </testcase> <!-- verifydepartmentTest -->
  <testcase classname="testcases.HomepageTest" name="verifyURL" time="0.0">
    <ignored/>
  </testcase> <!-- verifyURL -->
  <testcase classname="testcases.HomepageTest" name="verifyAccountTest" time="0.0">
    <ignored/>
  </testcase> <!-- verifyAccountTest -->
  <testcase classname="testcases.HomepageTest" name="verifyTrackOrderTest" time="0.0">
    <ignored/>
  </testcase> <!-- verifyTrackOrderTest -->
  <testcase classname="testcases.HomepageTest" name="verifyHelpLinkStatusTest" time="0.0">
    <ignored/>
  </testcase> <!-- verifyHelpLinkStatusTest -->
  <testcase classname="testcases.HomepageTest" name="verifyGiftCardTest" time="0.0">
    <ignored/>
  </testcase> <!-- verifyGiftCardTest -->
  <testcase classname="testcases.HomepageTest" name="checkAccountButton" time="0.0">
    <ignored/>
  </testcase> <!-- checkAccountButton -->
  <testcase classname="testcases.HomepageTest" name="veifyTitle" time="0.0">
    <ignored/>
  </testcase> <!-- veifyTitle -->
  <testcase classname="testcases.HomepageTest" name="verifyChooseStoreTest" time="0.0">
    <ignored/>
  </testcase> <!-- verifyChooseStoreTest -->
  <testcase classname="testcases.HomepageTest" name="verifyFindStoreTest" time="0.0">
    <ignored/>
  </testcase> <!-- verifyFindStoreTest -->
  <testcase classname="testcases.HomepageTest" name="verifyCreditCardTest" time="0.0">
    <ignored/>
  </testcase> <!-- verifyCreditCardTest -->
  <testcase classname="testcases.HomepageTest" name="verifyCartTest" time="0.0">
    <ignored/>
  </testcase> <!-- verifyCartTest -->
  <testcase classname="testcases.HomepageTest" name="verifyForTheProTest" time="0.0">
    <ignored/>
  </testcase> <!-- verifyForTheProTest -->
  <testcase classname="testcases.HomepageTest" name="verifyMylistTest" time="0.0">
    <ignored/>
  </testcase> <!-- verifyMylistTest -->
</testsuite> <!-- Automation -->
